<?xml version="1.0" encoding="UTF-8"?>
<testng-results skipped="0" failed="0" ignored="0" total="1" passed="1">
  <reporter-output>
  </reporter-output>
  <suite name="Default suite" duration-ms="2406" started-at="2020-05-05T22:52:37 CDT" finished-at="2020-05-05T22:52:39 CDT">
    <groups>
    </groups>
    <test name="Default test" duration-ms="2406" started-at="2020-05-05T22:52:37 CDT" finished-at="2020-05-05T22:52:39 CDT">
      <class name="TC001_GET_Request">
        <test-method status="PASS" signature="getweatherDetails()[pri:0, instance:TC001_GET_Request@74650e52]" name="getweatherDetails" duration-ms="2361" started-at="2020-05-05T22:52:37 CDT" finished-at="2020-05-05T22:52:39 CDT">
          <reporter-output>
          </reporter-output>
        </test-method> <!-- getweatherDetails -->
      </class> <!-- TC001_GET_Request -->
    </test> <!-- Default test -->
  </suite> <!-- Default suite -->
</testng-results>
